<?xml version="1.0" encoding="UTF-8"?>
<!-- Generated by org.testng.reporters.JUnitXMLReporter -->
<testsuite ignored="0" hostname="DESKTOP-88APSQ7" failures="0" tests="6" name="Google Test" time="15.974" errors="0" timestamp="2024-04-01T10:04:39 IST">
  <testcase classname="testNGSessions.OpenCartLoginTest" name="imageTest" time="0.206"/>
  <testcase classname="testNGSessions.OpenCartLoginTest" name="titleTest" time="0.069"/>
  <testcase classname="testNGSessions.OpenCartLoginTest" name="urlTest" time="0.273"/>
  <testcase classname="testNGSessions.GoogleTest" name="imageTest" time="0.973"/>
  <testcase classname="testNGSessions.GoogleTest" name="titleTest" time="0.119"/>
  <testcase classname="testNGSessions.GoogleTest" name="urlTest" time="0.058"/>
</testsuite> <!-- Google Test -->
