<?xml version="1.0" encoding="UTF-8"?>
<!-- Generated by org.testng.reporters.JUnitXMLReporter -->
<testsuite ignored="0" hostname="DESKTOP-88APSQ7" failures="0" tests="3" name="Default test" time="8.853" errors="0" timestamp="2024-03-31T11:10:25 IST">
  <testcase classname="testNGSessions.GoogleTest" name="titleTest" time="1.787"/>
  <testcase classname="testNGSessions.GoogleTest" name="imageTest" time="0.132"/>
  <testcase classname="testNGSessions.GoogleTest" name="urlTest" time="0.017"/>
</testsuite> <!-- Default test -->
