<?xml version="1.0" encoding="UTF-8"?>
<testng-results ignored="0" total="8" passed="8" failed="0" skipped="0">
  <reporter-output>
  </reporter-output>
  <suite started-at="2024-04-01T10:04:23 IST" name="TestNG Regression Suite" finished-at="2024-04-01T10:04:51 IST" duration-ms="28047">
    <groups>
    </groups>
    <test started-at="2024-04-01T10:04:23 IST" name="Google Test" finished-at="2024-04-01T10:04:39 IST" duration-ms="15974">
      <class name="testNGSessions.GoogleTest">
        <test-method is-config="true" signature="setUp(java.lang.String, java.lang.String, java.lang.String)[pri:0, instance:testNGSessions.GoogleTest@1184ab05]" started-at="2024-04-01T10:04:23 IST" name="setUp" finished-at="2024-04-01T10:04:36 IST" duration-ms="12758" status="PASS">
          <params>
            <param index="0">
              <value>
                <![CDATA[https://www.google.com]]>
              </value>
            </param>
            <param index="1">
              <value>
                <![CDATA[chrome]]>
              </value>
            </param>
            <param index="2">
              <value>
                <![CDATA[false]]>
              </value>
            </param>
          </params>
          <reporter-output>
          </reporter-output>
        </test-method> <!-- setUp -->
        <test-method signature="imageTest()[pri:0, instance:testNGSessions.GoogleTest@1184ab05]" started-at="2024-04-01T10:04:36 IST" name="imageTest" finished-at="2024-04-01T10:04:37 IST" duration-ms="973" status="PASS">
          <reporter-output>
          </reporter-output>
        </test-method> <!-- imageTest -->
        <test-method signature="titleTest()[pri:0, instance:testNGSessions.GoogleTest@1184ab05]" started-at="2024-04-01T10:04:37 IST" name="titleTest" finished-at="2024-04-01T10:04:37 IST" duration-ms="119" status="PASS">
          <reporter-output>
          </reporter-output>
        </test-method> <!-- titleTest -->
        <test-method signature="urlTest()[pri:0, instance:testNGSessions.GoogleTest@1184ab05]" started-at="2024-04-01T10:04:37 IST" name="urlTest" finished-at="2024-04-01T10:04:37 IST" duration-ms="58" status="PASS">
          <reporter-output>
          </reporter-output>
        </test-method> <!-- urlTest -->
        <test-method is-config="true" signature="tearDown()[pri:0, instance:testNGSessions.GoogleTest@1184ab05]" started-at="2024-04-01T10:04:37 IST" name="tearDown" finished-at="2024-04-01T10:04:39 IST" duration-ms="1892" status="PASS">
          <reporter-output>
          </reporter-output>
        </test-method> <!-- tearDown -->
      </class> <!-- testNGSessions.GoogleTest -->
    </test> <!-- Google Test -->
    <test started-at="2024-04-01T10:04:23 IST" name="OpenCart Test" finished-at="2024-04-01T10:04:40 IST" duration-ms="17321">
      <class name="testNGSessions.OpenCartLoginTest">
        <test-method is-config="true" signature="setUp(java.lang.String, java.lang.String, java.lang.String)[pri:0, instance:testNGSessions.OpenCartLoginTest@17046283]" started-at="2024-04-01T10:04:23 IST" name="setUp" finished-at="2024-04-01T10:04:36 IST" duration-ms="12829" status="PASS">
          <params>
            <param index="0">
              <value>
                <![CDATA[https://naveenautomationlabs.com/opencart/index.php?route=account/login]]>
              </value>
            </param>
            <param index="1">
              <value>
                <![CDATA[edge]]>
              </value>
            </param>
            <param index="2">
              <value>
                <![CDATA[false]]>
              </value>
            </param>
          </params>
          <reporter-output>
          </reporter-output>
        </test-method> <!-- setUp -->
        <test-method signature="imageTest()[pri:0, instance:testNGSessions.OpenCartLoginTest@17046283]" started-at="2024-04-01T10:04:36 IST" name="imageTest" finished-at="2024-04-01T10:04:36 IST" duration-ms="206" status="PASS">
          <reporter-output>
          </reporter-output>
        </test-method> <!-- imageTest -->
        <test-method signature="titleTest()[pri:0, instance:testNGSessions.OpenCartLoginTest@17046283]" started-at="2024-04-01T10:04:36 IST" name="titleTest" finished-at="2024-04-01T10:04:36 IST" duration-ms="69" status="PASS">
          <reporter-output>
          </reporter-output>
        </test-method> <!-- titleTest -->
        <test-method signature="urlTest()[pri:0, instance:testNGSessions.OpenCartLoginTest@17046283]" started-at="2024-04-01T10:04:36 IST" name="urlTest" finished-at="2024-04-01T10:04:36 IST" duration-ms="273" status="PASS">
          <reporter-output>
          </reporter-output>
        </test-method> <!-- urlTest -->
        <test-method is-config="true" signature="tearDown()[pri:0, instance:testNGSessions.OpenCartLoginTest@17046283]" started-at="2024-04-01T10:04:36 IST" name="tearDown" finished-at="2024-04-01T10:04:40 IST" duration-ms="3852" status="PASS">
          <reporter-output>
          </reporter-output>
        </test-method> <!-- tearDown -->
      </class> <!-- testNGSessions.OpenCartLoginTest -->
    </test> <!-- OpenCart Test -->
    <test started-at="2024-04-01T10:04:23 IST" name="OrangeHRM Test" finished-at="2024-04-01T10:04:51 IST" duration-ms="28047">
      <class name="testNGSessions.OrangeHRMTest">
        <test-method is-config="true" signature="setUp(java.lang.String, java.lang.String, java.lang.String)[pri:0, instance:testNGSessions.OrangeHRMTest@67a20f67]" started-at="2024-04-01T10:04:23 IST" name="setUp" finished-at="2024-04-01T10:04:48 IST" duration-ms="25580" status="PASS">
          <params>
            <param index="0">
              <value>
                <![CDATA[https://www.orangehrm.com/en/30-day-free-trial/]]>
              </value>
            </param>
            <param index="1">
              <value>
                <![CDATA[firefox]]>
              </value>
            </param>
            <param index="2">
              <value>
                <![CDATA[false]]>
              </value>
            </param>
          </params>
          <reporter-output>
          </reporter-output>
        </test-method> <!-- setUp -->
        <test-method signature="titleTest()[pri:0, instance:testNGSessions.OrangeHRMTest@67a20f67]" started-at="2024-04-01T10:04:48 IST" name="titleTest" finished-at="2024-04-01T10:04:48 IST" duration-ms="18" status="PASS">
          <reporter-output>
          </reporter-output>
        </test-method> <!-- titleTest -->
        <test-method signature="urlTest()[pri:0, instance:testNGSessions.OrangeHRMTest@67a20f67]" started-at="2024-04-01T10:04:48 IST" name="urlTest" finished-at="2024-04-01T10:04:48 IST" duration-ms="24" status="PASS">
          <reporter-output>
          </reporter-output>
        </test-method> <!-- urlTest -->
        <test-method is-config="true" signature="tearDown()[pri:0, instance:testNGSessions.OrangeHRMTest@67a20f67]" started-at="2024-04-01T10:04:48 IST" name="tearDown" finished-at="2024-04-01T10:04:51 IST" duration-ms="2397" status="PASS">
          <reporter-output>
          </reporter-output>
        </test-method> <!-- tearDown -->
      </class> <!-- testNGSessions.OrangeHRMTest -->
    </test> <!-- OrangeHRM Test -->
  </suite> <!-- TestNG Regression Suite -->
</testng-results>
